GenOpt(R) Optimization Version 3.1.1, March 29, 2016

Lawrence Berkeley National Laboratory
http://simulationresearch.lbl.gov
Michael Wetter, MWetter@lbl.gov

GenOpt Copyright (c) 1998-2016, The Regents of the
University of California, through Lawrence Berkeley
National Laboratory (subject to receipt of any 
required approvals from the U.S. Dept. of Energy).
All rights reserved.

The development of GenOpt is supported by
the U.S. Department of Energy (DOE),
the Swiss Academy of Engineering Sciences (SATW),
the Swiss National Energy Fund (NEFF), and
the Swiss National Science Foundation (SNSF).
_______________________________________________________________

Configuration file : C:\Users\ucbqtw1\Desktop\Modelling\Task 3\Opt_Case600_DDLC_OBM1\optWin7.ini
Command file       : C:\Users\ucbqtw1\Desktop\Modelling\Task 3\Opt_Case600_DDLC_OBM1\command.txt

Optimization started  at : Sun Dec 23 18:07:51 GMT 2018
Optimization finished at : Sun Dec 23 18:13:42 GMT 2018
Execution time           :            00:05:51
_______________________________________________________________

Optimization completed successfully.
